<?xml version="1.0" encoding="utf-8"?><testsuites><testsuite name="pytest" errors="0" failures="0" skipped="7" tests="38" time="486.401" timestamp="2026-09-22T05:48:06.337631" hostname="nid005607"><testcase classname="checkouts.3fb56b36.nd-unfolding.pet.improvement_campaign.test_recipe" name="test_json_round_trip_preserves_the_hash" time="0.002" /><testcase classname="checkouts.3fb56b36.nd-unfolding.pet.improvement_campaign.test_recipe" name="test_any_change_changes_the_hash" time="0.001" /><testcase classname="checkouts.3fb56b36.nd-unfolding.pet.improvement_campaign.test_recipe" name="test_unexecutable_recipes_are_refused[&lt;lambda&gt;0]" time="0.001" /><testcase classname="checkouts.3fb56b36.nd-unfolding.pet.improvement_campaign.test_recipe" name="test_unexecutable_recipes_are_refused[&lt;lambda&gt;1]" time="0.000" /><testcase classname="checkouts.3fb56b36.nd-unfolding.pet.improvement_campaign.test_recipe" name="test_unexecutable_recipes_are_refused[&lt;lambda&gt;2]" time="0.000" /><testcase classname="checkouts.3fb56b36.nd-unfolding.pet.improvement_campaign.test_recipe" name="test_unexecutable_recipes_are_refused[&lt;lambda&gt;3]" time="0.000" /><testcase classname="checkouts.3fb56b36.nd-unfolding.pet.improvement_campaign.test_recipe" name="test_unexecutable_recipes_are_refused[&lt;lambda&gt;4]" time="0.000" /><testcase classname="checkouts.3fb56b36.nd-unfolding.pet.improvement_campaign.test_recipe" name="test_unexecutable_recipes_are_refused[&lt;lambda&gt;5]" time="0.000" /><testcase classname="checkouts.3fb56b36.nd-unfolding.pet.improvement_campaign.test_recipe" name="test_historical_step_declares_what_the_audit_measured" time="0.000" /><testcase classname="checkouts.3fb56b36.nd-unfolding.pet.improvement_campaign.test_recipe" name="test_the_historical_executed_optimizer_fails_his_declared_recipe" time="0.000" /><testcase classname="checkouts.3fb56b36.nd-unfolding.pet.improvement_campaign.test_recipe" name="test_a_matching_optimizer_passes" time="0.000" /><testcase classname="checkouts.3fb56b36.nd-unfolding.pet.improvement_campaign.test_authorization_scope" name="test_historical_output_dir_is_refused" time="0.001" /><testcase classname="checkouts.3fb56b36.nd-unfolding.pet.improvement_campaign.test_authorization_scope" name="test_the_real_historical_root_is_refused" time="0.001" /><testcase classname="checkouts.3fb56b36.nd-unfolding.pet.improvement_campaign.test_authorization_scope" name="test_real_data_inputs_are_refused[kwargs0]" time="0.000" /><testcase classname="checkouts.3fb56b36.nd-unfolding.pet.improvement_campaign.test_authorization_scope" name="test_real_data_inputs_are_refused[kwargs1]" time="0.000" /><testcase classname="checkouts.3fb56b36.nd-unfolding.pet.improvement_campaign.test_authorization_scope" name="test_real_data_inputs_are_refused[kwargs2]" time="0.000" /><testcase classname="checkouts.3fb56b36.nd-unfolding.pet.improvement_campaign.test_authorization_scope" name="test_real_data_inputs_are_refused[kwargs3]" time="0.000" /><testcase classname="checkouts.3fb56b36.nd-unfolding.pet.improvement_campaign.test_authorization_scope" name="test_real_data_inputs_are_refused[kwargs4]" time="0.000" /><testcase classname="checkouts.3fb56b36.nd-unfolding.pet.improvement_campaign.test_authorization_scope" name="test_simulation_inputs_pass" time="0.000" /><testcase classname="checkouts.3fb56b36.nd-unfolding.pet.improvement_campaign.test_authorization_scope" name="test_thresholds_come_from_the_frozen_design_and_cannot_move" time="0.005" /><testcase classname="checkouts.3fb56b36.nd-unfolding.pet.improvement_campaign.test_feature_arms" name="test_baseline_is_the_identity" time="0.001" /><testcase classname="checkouts.3fb56b36.nd-unfolding.pet.improvement_campaign.test_feature_arms" name="test_truth_never_reaches_step_one" time="0.001" /><testcase classname="checkouts.3fb56b36.nd-unfolding.pet.improvement_campaign.test_feature_arms" name="test_standardized_on_passing_mc_rows_and_zero_elsewhere" time="0.001" /><testcase classname="checkouts.3fb56b36.nd-unfolding.pet.improvement_campaign.test_feature_arms" name="test_step1_arms_refuse_his_arm_and_hashes_differ" time="0.005" /><testcase classname="checkouts.3fb56b36.nd-unfolding.pet.improvement_campaign.test_confirmed_defects" name="test_step1_trains_with_the_declared_optimizer[historical]" time="23.601"><skipped type="pytest.xfail" message="confirmed defect of the historical path" /></testcase><testcase classname="checkouts.3fb56b36.nd-unfolding.pet.improvement_campaign.test_confirmed_defects" name="test_step1_trains_with_the_declared_optimizer[repaired]" time="21.446" /><testcase classname="checkouts.3fb56b36.nd-unfolding.pet.improvement_campaign.test_confirmed_defects" name="test_each_step_trains_at_its_own_batch[historical]" time="21.518"><skipped type="pytest.xfail" message="confirmed defect of the historical path" /></testcase><testcase classname="checkouts.3fb56b36.nd-unfolding.pet.improvement_campaign.test_confirmed_defects" name="test_each_step_trains_at_its_own_batch[repaired]" time="20.091" /><testcase classname="checkouts.3fb56b36.nd-unfolding.pet.improvement_campaign.test_confirmed_defects" name="test_step2_learning_rate_is_the_step2_recipe[historical]" time="23.153"><skipped type="pytest.xfail" message="confirmed defect of the historical path" /></testcase><testcase classname="checkouts.3fb56b36.nd-unfolding.pet.improvement_campaign.test_confirmed_defects" name="test_step2_learning_rate_is_the_step2_recipe[repaired]" time="20.068" /><testcase classname="checkouts.3fb56b36.nd-unfolding.pet.improvement_campaign.test_confirmed_defects" name="test_later_iterations_use_the_declared_rate[historical]" time="43.541"><skipped type="pytest.xfail" message="confirmed defect of the historical path" /></testcase><testcase classname="checkouts.3fb56b36.nd-unfolding.pet.improvement_campaign.test_confirmed_defects" name="test_later_iterations_use_the_declared_rate[repaired]" time="39.117" /><testcase classname="checkouts.3fb56b36.nd-unfolding.pet.improvement_campaign.test_confirmed_defects" name="test_the_declared_restore_policy_decides_which_weights_leave_the_fit[historical]" time="27.134"><skipped type="pytest.xfail" message="confirmed defect of the historical path" /></testcase><testcase classname="checkouts.3fb56b36.nd-unfolding.pet.improvement_campaign.test_confirmed_defects" name="test_the_declared_restore_policy_decides_which_weights_leave_the_fit[repaired]" time="23.567" /><testcase classname="checkouts.3fb56b36.nd-unfolding.pet.improvement_campaign.test_confirmed_defects" name="test_step2_validation_rows_do_not_depend_on_step1[historical]" time="54.433"><skipped type="pytest.xfail" message="confirmed defect of the historical path" /></testcase><testcase classname="checkouts.3fb56b36.nd-unfolding.pet.improvement_campaign.test_confirmed_defects" name="test_step2_validation_rows_do_not_depend_on_step1[repaired]" time="42.355" /><testcase classname="checkouts.3fb56b36.nd-unfolding.pet.improvement_campaign.test_confirmed_defects" name="test_step2_initialization_does_not_depend_on_step1[historical]" time="61.467"><skipped type="pytest.xfail" message="confirmed defect of the historical path" /></testcase><testcase classname="checkouts.3fb56b36.nd-unfolding.pet.improvement_campaign.test_confirmed_defects" name="test_step2_initialization_does_not_depend_on_step1[repaired]" time="44.187" /></testsuite></testsuites>